\BOOKMARK [0][-]{chapter.1}{Extrapolation to zero}{}% 1
\BOOKMARK [1][-]{section.1.1}{Motivation}{chapter.1}% 2
\BOOKMARK [1][-]{section.1.2}{The extrapolation table}{chapter.1}% 3
\BOOKMARK [1][-]{section.1.3}{Convergence}{chapter.1}% 4
\BOOKMARK [1][-]{section.1.4}{Code}{chapter.1}% 5
\BOOKMARK [0][-]{chapter.2}{Romberg quadrature}{}% 6
\BOOKMARK [1][-]{section.2.1}{The algorithm}{chapter.2}% 7
\BOOKMARK [1][-]{section.2.2}{Numerical experiments}{chapter.2}% 8
\BOOKMARK [2][-]{subsection.2.2.1}{Cosine squared}{section.2.2}% 9
\BOOKMARK [2][-]{subsection.2.2.2}{Function with poles}{section.2.2}% 10
\BOOKMARK [2][-]{subsection.2.2.3}{Logarithm}{section.2.2}% 11
\BOOKMARK [2][-]{subsection.2.2.4}{Area of half circle}{section.2.2}% 12
\BOOKMARK [2][-]{subsection.2.2.5}{Gaussian}{section.2.2}% 13
\BOOKMARK [1][-]{section.2.3}{Summary}{chapter.2}% 14
\BOOKMARK [0][-]{chapter.3}{Extrapolation of difference quotients}{}% 15
\BOOKMARK [1][-]{section.3.1}{The algorithm}{chapter.3}% 16
\BOOKMARK [1][-]{section.3.2}{Numerical experiments}{chapter.3}% 17
\BOOKMARK [2][-]{subsection.3.2.1}{The exponential function}{section.3.2}% 18
\BOOKMARK [2][-]{subsection.3.2.2}{Logarithm}{section.3.2}% 19
\BOOKMARK [2][-]{subsection.3.2.3}{Square root}{section.3.2}% 20
\BOOKMARK [2][-]{subsection.3.2.4}{Smooth but not analytic function}{section.3.2}% 21
\BOOKMARK [2][-]{subsection.3.2.5}{Another smooth but not analytic function}{section.3.2}% 22
\BOOKMARK [2][-]{subsection.3.2.6}{Only once differentiable function}{section.3.2}% 23
\BOOKMARK [1][-]{section.3.3}{Summary}{chapter.3}% 24
\BOOKMARK [0][-]{chapter.4}{Initial Value Problems}{}% 25
\BOOKMARK [1][-]{section.4.1}{The explicit midpoint rule}{chapter.4}% 26
\BOOKMARK [1][-]{section.4.2}{Numerical experiments}{chapter.4}% 27
\BOOKMARK [2][-]{subsection.4.2.1}{Exponential growth}{section.4.2}% 28
\BOOKMARK [2][-]{subsection.4.2.2}{Logistic curve}{section.4.2}% 29
\BOOKMARK [2][-]{subsection.4.2.3}{Tangens}{section.4.2}% 30
\BOOKMARK [2][-]{subsection.4.2.4}{The logarithm}{section.4.2}% 31
\BOOKMARK [2][-]{subsection.4.2.5}{Equation with singularity}{section.4.2}% 32
\BOOKMARK [2][-]{subsection.4.2.6}{Equation with moderate singularity}{section.4.2}% 33
\BOOKMARK [2][-]{subsection.4.2.7}{Circular rotation}{section.4.2}% 34
\BOOKMARK [2][-]{subsection.4.2.8}{Mathematical pendulum}{section.4.2}% 35
\BOOKMARK [2][-]{subsection.4.2.9}{Federpendel}{section.4.2}% 36
\BOOKMARK [2][-]{subsection.4.2.10}{Lorenz equations}{section.4.2}% 37
\BOOKMARK [1][-]{section.4.3}{Summary}{chapter.4}% 38
\BOOKMARK [0][-]{Appendix.a.A}{Code}{}% 39
